2017-08-22 20:43:32 [scrapy.utils.log] INFO: Scrapy 1.4.0 started (bot: myspider)
2017-08-22 20:43:32 [scrapy.utils.log] INFO: Overridden settings: {'BOT_NAME': 'myspider', 'LOG_LEVEL': 'INFO', 'SPIDER_MODULES': ['myspider.spiders'], 'NEWSPIDER_MODULE': 'myspider.spiders', 'LOG_FILE': 'logs/gaode/gaode/814abf72873711e79166560000855d62.log'}
2017-08-22 20:43:33 [scrapy.middleware] INFO: Enabled extensions:
['scrapy.extensions.telnet.TelnetConsole',
 'scrapy.extensions.logstats.LogStats',
 'scrapy.extensions.corestats.CoreStats',
 'scrapy.extensions.memusage.MemoryUsage']
2017-08-22 20:43:33 [gaode] INFO: type is <class 'list'>
2017-08-22 20:43:33 [gaode] INFO: city is ['北京城区']
2017-08-22 20:43:33 [gaode] INFO: tag is ['']
2017-08-22 20:43:33 [gaode] INFO: kwy is 星巴克
2017-08-22 20:43:33 [scrapy.middleware] INFO: Enabled downloader middlewares:
['scrapy.downloadermiddlewares.httpauth.HttpAuthMiddleware',
 'scrapy.downloadermiddlewares.downloadtimeout.DownloadTimeoutMiddleware',
 'scrapy.downloadermiddlewares.defaultheaders.DefaultHeadersMiddleware',
 'scrapy.downloadermiddlewares.useragent.UserAgentMiddleware',
 'scrapy.downloadermiddlewares.retry.RetryMiddleware',
 'scrapy.downloadermiddlewares.redirect.MetaRefreshMiddleware',
 'scrapy.downloadermiddlewares.httpcompression.HttpCompressionMiddleware',
 'scrapy.downloadermiddlewares.redirect.RedirectMiddleware',
 'scrapy.downloadermiddlewares.cookies.CookiesMiddleware',
 'scrapy.downloadermiddlewares.httpproxy.HttpProxyMiddleware',
 'scrapy.downloadermiddlewares.stats.DownloaderStats']
2017-08-22 20:43:33 [scrapy.middleware] INFO: Enabled spider middlewares:
['scrapy.spidermiddlewares.httperror.HttpErrorMiddleware',
 'scrapy.spidermiddlewares.offsite.OffsiteMiddleware',
 'scrapy.spidermiddlewares.referer.RefererMiddleware',
 'scrapy.spidermiddlewares.urllength.UrlLengthMiddleware',
 'scrapy.spidermiddlewares.depth.DepthMiddleware']
2017-08-22 20:43:33 [scrapy.middleware] INFO: Enabled item pipelines:
['myspider.pipelines.GaoDePipeline']
2017-08-22 20:43:33 [scrapy.core.engine] INFO: Spider opened
2017-08-22 20:43:33 [scrapy.extensions.logstats] INFO: Crawled 0 pages (at 0 pages/min), scraped 0 items (at 0 items/min)
2017-08-22 20:45:19 [scrapy.extensions.logstats] INFO: Crawled 36 pages (at 36 pages/min), scraped 96 items (at 96 items/min)
2017-08-22 20:47:52 [scrapy.extensions.logstats] INFO: Crawled 37 pages (at 1 pages/min), scraped 133 items (at 37 items/min)
2017-08-22 20:48:55 [scrapy.extensions.logstats] INFO: Crawled 402 pages (at 365 pages/min), scraped 852 items (at 719 items/min)
2017-08-22 20:49:54 [scrapy.extensions.logstats] INFO: Crawled 587 pages (at 185 pages/min), scraped 2502 items (at 1650 items/min)
2017-08-22 20:50:47 [scrapy.extensions.logstats] INFO: Crawled 614 pages (at 27 pages/min), scraped 3102 items (at 600 items/min)
2017-08-22 20:51:33 [scrapy.extensions.logstats] INFO: Crawled 1762 pages (at 1148 pages/min), scraped 14444 items (at 11342 items/min)
2017-08-22 20:52:33 [scrapy.extensions.logstats] INFO: Crawled 3145 pages (at 1383 pages/min), scraped 30794 items (at 16350 items/min)
2017-08-22 20:53:33 [scrapy.extensions.logstats] INFO: Crawled 4582 pages (at 1437 pages/min), scraped 47176 items (at 16382 items/min)
2017-08-22 20:54:33 [scrapy.extensions.logstats] INFO: Crawled 6080 pages (at 1498 pages/min), scraped 62380 items (at 15204 items/min)
2017-08-22 20:55:33 [scrapy.extensions.logstats] INFO: Crawled 7486 pages (at 1406 pages/min), scraped 78632 items (at 16252 items/min)
2017-08-22 20:56:30 [scrapy.core.engine] INFO: Closing spider (finished)
2017-08-22 20:56:30 [scrapy.statscollectors] INFO: Dumping Scrapy stats:
{'downloader/exception_count': 7,
 'downloader/exception_type_count/twisted.web._newclient.ResponseNeverReceived': 7,
 'downloader/request_bytes': 5264718,
 'downloader/request_count': 8817,
 'downloader/request_method_count/GET': 8817,
 'downloader/response_bytes': 33003140,
 'downloader/response_count': 8810,
 'downloader/response_status_count/200': 8810,
 'finish_reason': 'finished',
 'finish_time': datetime.datetime(2017, 8, 22, 12, 56, 30, 63468),
 'item_scraped_count': 94017,
 'log_count/INFO': 21,
 'memusage/max': 86466560,
 'memusage/startup': 59027456,
 'request_depth_max': 11,
 'response_received_count': 8810,
 'retry/count': 7,
 'retry/reason_count/twisted.web._newclient.ResponseNeverReceived': 7,
 'scheduler/dequeued': 8817,
 'scheduler/dequeued/memory': 8817,
 'scheduler/enqueued': 8817,
 'scheduler/enqueued/memory': 8817,
 'start_time': datetime.datetime(2017, 8, 22, 12, 43, 33, 127155)}
2017-08-22 20:56:30 [scrapy.core.engine] INFO: Spider closed (finished)
